2022-09-08 16:48:51,846 INFO o.a.j.u.JMeterUtils: Setting Locale to en_EN
2022-09-08 16:48:51,863 INFO o.a.j.JMeter: Loading user properties from: /opt/homebrew/Cellar/jmeter/5.5/libexec/bin/user.properties
2022-09-08 16:48:51,864 INFO o.a.j.JMeter: Loading system properties from: /opt/homebrew/Cellar/jmeter/5.5/libexec/bin/system.properties
2022-09-08 16:48:51,868 INFO o.a.j.JMeter: Copyright (c) 1998-2022 The Apache Software Foundation
2022-09-08 16:48:51,868 INFO o.a.j.JMeter: Version 5.5
2022-09-08 16:48:51,868 INFO o.a.j.JMeter: java.version=18.0.2.1
2022-09-08 16:48:51,868 INFO o.a.j.JMeter: java.vm.name=OpenJDK 64-Bit Server VM
2022-09-08 16:48:51,868 INFO o.a.j.JMeter: os.name=Mac OS X
2022-09-08 16:48:51,868 INFO o.a.j.JMeter: os.arch=aarch64
2022-09-08 16:48:51,868 INFO o.a.j.JMeter: os.version=12.5.1
2022-09-08 16:48:51,868 INFO o.a.j.JMeter: file.encoding=UTF-8
2022-09-08 16:48:51,868 INFO o.a.j.JMeter: java.awt.headless=null
2022-09-08 16:48:51,868 INFO o.a.j.JMeter: Max memory     =1073741824
2022-09-08 16:48:51,868 INFO o.a.j.JMeter: Available Processors =10
2022-09-08 16:48:51,875 INFO o.a.j.JMeter: Default Locale=English (EN)
2022-09-08 16:48:51,875 INFO o.a.j.JMeter: JMeter  Locale=English (EN)
2022-09-08 16:48:51,875 INFO o.a.j.JMeter: JMeterHome=/opt/homebrew/Cellar/jmeter/5.5/libexec
2022-09-08 16:48:51,875 INFO o.a.j.JMeter: user.dir  =/Users/ljwoon/go/hyperledger-fabric-5host/fabric-samples/raft-5node-swarm
2022-09-08 16:48:51,875 INFO o.a.j.JMeter: PWD       =/Users/ljwoon/go/hyperledger-fabric-5host/fabric-samples/raft-5node-swarm
2022-09-08 16:48:51,881 INFO o.a.j.JMeter: IP: 218.38.137.28 Name: ljwoonui-MacBookPro.local FullName: 218.38.137.28
